<?xml version="1.0" encoding="UTF-8"?>
<!-- Generated by org.testng.reporters.JUnitXMLReporter -->
<testsuite hostname="DESKTOP-2LKK6QT" ignored="0" name="Command line test" tests="3" failures="0" timestamp="01 Jul 2020 22:21:22 GMT" time="56.941" errors="0">
  <testcase name="AccountTest" time="15.611" classname="TestNG.HybridPreferenceTest"/>
  <testcase name="AccountTest" time="19.496" classname="TestNG.HybridPreferenceTest"/>
  <testcase name="AccountTest" time="16.91" classname="TestNG.HybridPreferenceTest"/>
</testsuite> <!-- Command line test -->
