<?xml version="1.0" encoding="UTF-8"?>
<testng-results skipped="0" failed="0" ignored="0" total="1" passed="1">
  <reporter-output>
  </reporter-output>
  <suite name="TestNG.HybridGoogleTest" duration-ms="17180" started-at="2020-07-03T23:57:59Z" finished-at="2020-07-03T23:58:16Z">
    <groups>
    </groups>
    <test name="Command line test" duration-ms="17180" started-at="2020-07-03T23:57:59Z" finished-at="2020-07-03T23:58:16Z">
      <class name="TestNG.HybridGoogleTest">
        <test-method status="PASS" signature="setUp()[pri:0, instance:TestNG.HybridGoogleTest@96532d6]" name="setUp" is-config="true" duration-ms="410" started-at="2020-07-03T23:57:59Z" finished-at="2020-07-03T23:57:59Z">
          <reporter-output>
          </reporter-output>
        </test-method> <!-- setUp -->
        <test-method status="PASS" signature="GoogleTest(java.lang.String, java.lang.String)[pri:0, instance:TestNG.HybridGoogleTest@96532d6]" name="GoogleTest" duration-ms="12314" started-at="2020-07-03T23:58:01Z" data-provider="hybridData" finished-at="2020-07-03T23:58:13Z">
          <params>
            <param index="0">
              <value>
                <![CDATA[GoogleTest.xlsx]]>
              </value>
            </param>
            <param index="1">
              <value>
                <![CDATA[SearchTest]]>
              </value>
            </param>
          </params>
          <reporter-output>
          </reporter-output>
        </test-method> <!-- GoogleTest -->
        <test-method status="PASS" signature="tearDown(org.testng.ITestResult)[pri:0, instance:TestNG.HybridGoogleTest@96532d6]" name="tearDown" is-config="true" duration-ms="2847" started-at="2020-07-03T23:58:13Z" finished-at="2020-07-03T23:58:16Z">
          <params>
            <param index="0">
              <value>
                <![CDATA[[TestResult name=GoogleTest status=SUCCESS method=HybridGoogleTest.GoogleTest(java.lang.String, java.lang.String)[pri:0, instance:TestNG.HybridGoogleTest@96532d6] output={null}]]]>
              </value>
            </param>
          </params>
          <reporter-output>
          </reporter-output>
        </test-method> <!-- tearDown -->
      </class> <!-- TestNG.HybridGoogleTest -->
    </test> <!-- Command line test -->
  </suite> <!-- TestNG.HybridGoogleTest -->
</testng-results>
